<?xml version="1.0" encoding="UTF-8"?>
<!-- Generated by org.testng.reporters.JUnitReportReporter -->
<testsuite hostname="DESKTOP-8QE1OVT" failures="0" tests="1" name="testNGPractice.AnnotationsExicution" time="0.005" errors="0" timestamp="2020-11-12T14:15:32 IST" skipped="0">
  <testcase classname="testNGPractice.AnnotationsExicution" name="test" time="0.005"/>
  <system-out/>
</testsuite> <!-- testNGPractice.AnnotationsExicution -->
