<?xml version="1.0" encoding="UTF-8"?>
<!-- Generated by org.testng.reporters.JUnitReportReporter -->
<testsuite hostname="DESKTOP-8QE1OVT" failures="0" tests="3" name="testNGPractice.TestNGparam2" time="0.009" errors="0" timestamp="2020-11-16T14:25:55 IST" skipped="0">
  <testcase classname="testNGPractice.TestNGparam2" name="sub" time="0.001"/>
  <system-out/>
  <testcase classname="testNGPractice.TestNGparam2" name="Divide" time="0.001"/>
  <system-out/>
  <testcase classname="testNGPractice.TestNGparam2" name="Add" time="0.007"/>
  <system-out/>
</testsuite> <!-- testNGPractice.TestNGparam2 -->
