<?xml version="1.0" encoding="UTF-8"?>
<!-- Generated by org.testng.reporters.JUnitReportReporter -->
<testsuite hostname="DESKTOP-8QE1OVT" failures="0" tests="4" name="testNGPractice.Groups" time="0.012" errors="0" timestamp="2020-11-12T14:33:03 IST" skipped="0">
  <testcase classname="testNGPractice.Groups" name="BrowserLaunch" time="0.008"/>
  <system-out/>
  <testcase classname="testNGPractice.Groups" name="close" time="0.001"/>
  <system-out/>
  <testcase classname="testNGPractice.Groups" name="viewAcc" time="0.002"/>
  <system-out/>
  <testcase classname="testNGPractice.Groups" name="login" time="0.001"/>
  <system-out/>
</testsuite> <!-- testNGPractice.Groups -->
