<?xml version="1.0" encoding="UTF-8"?>
<!-- Generated by org.testng.reporters.JUnitReportReporter -->
<testsuite hostname="DESKTOP-8QE1OVT" failures="0" tests="3" name="testNGPractice.DependsonMethods" time="0.009" errors="0" timestamp="2020-10-12T11:58:20 IST" skipped="0">
  <testcase classname="testNGPractice.DependsonMethods" name="Signin" time="0.001"/>
  <system-out/>
  <testcase classname="testNGPractice.DependsonMethods" name="logout" time="0.001"/>
  <system-out/>
  <testcase classname="testNGPractice.DependsonMethods" name="OpenBrowser" time="0.007"/>
  <system-out/>
</testsuite> <!-- testNGPractice.DependsonMethods -->
