<?xml version="1.0" encoding="UTF-8"?>
<!-- Generated by org.testng.reporters.JUnitReportReporter -->
<testsuite hostname="DESKTOP-8QE1OVT" failures="0" tests="2" name="testNGPractice.grp" time="0.008" errors="0" timestamp="2020-08-11T15:36:49 IST" skipped="0">
  <testcase classname="testNGPractice.grp" name="login" time="0.001"/>
  <system-out/>
  <testcase classname="testNGPractice.grp" name="openBrowser" time="0.007"/>
  <system-out/>
</testsuite> <!-- testNGPractice.grp -->
