<?xml version="1.0" encoding="UTF-8"?>
<!-- Generated by org.testng.reporters.JUnitReportReporter -->
<testsuite hostname="DESKTOP-8QE1OVT" failures="0" tests="1" name="testNGPractice.Super" time="0.004" errors="0" timestamp="2020-08-11T15:36:49 IST" skipped="0">
  <testcase classname="testNGPractice.Super" name="openBrowser" time="0.004"/>
  <system-out/>
</testsuite> <!-- testNGPractice.Super -->
