<?xml version="1.0" encoding="UTF-8"?>
<!-- Generated by org.testng.reporters.JUnitReportReporter -->
<testsuite hostname="DESKTOP-8QE1OVT" failures="0" tests="10" name="testNGPractice.ReporterDemo" time="83.383" errors="0" timestamp="2020-08-19T16:42:00 IST" skipped="0">
  <testcase classname="testNGPractice.ReporterDemo" name="testReport" time="7.220"/>
  <system-out>
Browser Opened Browser Maximized Application started Application closed  </system-out>
  <testcase classname="testNGPractice.ReporterDemo" name="testReport" time="7.850"/>
  <system-out>
Browser Opened Browser Maximized Application started Application closed  </system-out>
  <testcase classname="testNGPractice.ReporterDemo" name="testReport" time="7.020"/>
  <system-out>
Browser Opened Browser Maximized Application started Application closed  </system-out>
  <testcase classname="testNGPractice.ReporterDemo" name="testReport" time="7.162"/>
  <system-out>
Browser Opened Browser Maximized Application started Application closed  </system-out>
  <testcase classname="testNGPractice.ReporterDemo" name="testReport" time="6.971"/>
  <system-out>
Browser Opened Browser Maximized Application started Application closed  </system-out>
  <testcase classname="testNGPractice.ReporterDemo" name="testReport" time="7.736"/>
  <system-out>
Browser Opened Browser Maximized Application started Application closed  </system-out>
  <testcase classname="testNGPractice.ReporterDemo" name="testReport" time="7.188"/>
  <system-out>
Browser Opened Browser Maximized Application started Application closed  </system-out>
  <testcase classname="testNGPractice.ReporterDemo" name="testReport" time="18.340"/>
  <system-out>
Browser Opened Browser Maximized Application started Application closed  </system-out>
  <testcase classname="testNGPractice.ReporterDemo" name="testReport" time="6.997"/>
  <system-out>
Browser Opened Browser Maximized Application started Application closed  </system-out>
  <testcase classname="testNGPractice.ReporterDemo" name="testReport" time="6.899"/>
  <system-out>
Browser Opened Browser Maximized Application started Application closed  </system-out>
</testsuite> <!-- testNGPractice.ReporterDemo -->
