<?xml version="1.0" encoding="UTF-8"?>
<!-- Generated by org.testng.reporters.JUnitReportReporter -->
<testsuite hostname="DESKTOP-8QE1OVT" failures="0" tests="1" name="testNGPractice.Parameters1" time="0.008" errors="0" timestamp="2020-11-16T14:18:33 IST" skipped="0">
  <testcase classname="testNGPractice.Parameters1" name="ParameterTest" time="0.008"/>
  <system-out/>
</testsuite> <!-- testNGPractice.Parameters1 -->
